[     284ms] [INFO] %cDownload the React DevTools for a better development experience: https://reactjs.org/link/react-devtools font-weight:bold @ http://localhost:5173/node_modules/.vite/deps/chunk-46NCFVNN.js?v=63a26f9d:21550
[     376ms] [WARNING] ⚠️ React Router Future Flag Warning: React Router will begin wrapping state updates in `React.startTransition` in v7. You can use the `v7_startTransition` future flag to opt-in early. For more information, see https://reactrouter.com/v6/upgrading/future#v7_starttransition. @ http://localhost:5173/node_modules/.vite/deps/react-router-dom.js?v=63a26f9d:4435
[     376ms] [WARNING] ⚠️ React Router Future Flag Warning: Relative route resolution within Splat routes is changing in v7. You can use the `v7_relativeSplatPath` future flag to opt-in early. For more information, see https://reactrouter.com/v6/upgrading/future#v7_relativesplatpath. @ http://localhost:5173/node_modules/.vite/deps/react-router-dom.js?v=63a26f9d:4435
[     412ms] [ERROR] Failed to load resource: the server responded with a status of 404 (Not Found) @ http://localhost:5173/favicon.ico:0
[     474ms] [ERROR] Failed to load resource: the server responded with a status of 500 (Internal Server Error) @ http://localhost:5173/api/auth/refresh:0
[   41442ms] [WARNING] WebSocket connection to 'ws://localhost:5173/socket.io/?EIO=4&transport=websocket&sid=L-PFZCWYpbZjRFGnAABD' failed: WebSocket is closed before the connection is established. @ http://localhost:5173/node_modules/.vite/deps/socket__io-client.js?v=63a26f9d:1499
[   41490ms] TypeError: Cannot read properties of undefined (reading 'length')
    at getAvatarColor (http://localhost:5173/src/utils/avatarUtils.ts:13:32)
    at DmRow (http://localhost:5173/src/features/chat/SidebarDmList.tsx?t=1776771180303:98:23)
    at renderWithHooks (http://localhost:5173/node_modules/.vite/deps/chunk-46NCFVNN.js?v=63a26f9d:11548:26)
    at mountIndeterminateComponent (http://localhost:5173/node_modules/.vite/deps/chunk-46NCFVNN.js?v=63a26f9d:14926:21)
    at beginWork (http://localhost:5173/node_modules/.vite/deps/chunk-46NCFVNN.js?v=63a26f9d:15914:22)
    at HTMLUnknownElement.callCallback2 (http://localhost:5173/node_modules/.vite/deps/chunk-46NCFVNN.js?v=63a26f9d:3674:22)
    at Object.invokeGuardedCallbackDev (http://localhost:5173/node_modules/.vite/deps/chunk-46NCFVNN.js?v=63a26f9d:3699:24)
    at invokeGuardedCallback (http://localhost:5173/node_modules/.vite/deps/chunk-46NCFVNN.js?v=63a26f9d:3733:39)
    at beginWork$1 (http://localhost:5173/node_modules/.vite/deps/chunk-46NCFVNN.js?v=63a26f9d:19765:15)
    at performUnitOfWork (http://localhost:5173/node_modules/.vite/deps/chunk-46NCFVNN.js?v=63a26f9d:19198:20)
[   41491ms] TypeError: Cannot read properties of undefined (reading 'length')
    at getAvatarColor (http://localhost:5173/src/utils/avatarUtils.ts:13:32)
    at DmRow (http://localhost:5173/src/features/chat/SidebarDmList.tsx?t=1776771180303:98:23)
    at renderWithHooks (http://localhost:5173/node_modules/.vite/deps/chunk-46NCFVNN.js?v=63a26f9d:11548:26)
    at mountIndeterminateComponent (http://localhost:5173/node_modules/.vite/deps/chunk-46NCFVNN.js?v=63a26f9d:14926:21)
    at beginWork (http://localhost:5173/node_modules/.vite/deps/chunk-46NCFVNN.js?v=63a26f9d:15914:22)
    at HTMLUnknownElement.callCallback2 (http://localhost:5173/node_modules/.vite/deps/chunk-46NCFVNN.js?v=63a26f9d:3674:22)
    at Object.invokeGuardedCallbackDev (http://localhost:5173/node_modules/.vite/deps/chunk-46NCFVNN.js?v=63a26f9d:3699:24)
    at invokeGuardedCallback (http://localhost:5173/node_modules/.vite/deps/chunk-46NCFVNN.js?v=63a26f9d:3733:39)
    at beginWork$1 (http://localhost:5173/node_modules/.vite/deps/chunk-46NCFVNN.js?v=63a26f9d:19765:15)
    at performUnitOfWork (http://localhost:5173/node_modules/.vite/deps/chunk-46NCFVNN.js?v=63a26f9d:19198:20)
[   41468ms] [ERROR] The above error occurred in the <DmRow> component:

    at DmRow (http://localhost:5173/src/features/chat/SidebarDmList.tsx?t=1776771180303:97:18)
    at div
    at http://localhost:5173/node_modules/.vite/deps/chunk-ADWKJBBX.js?v=63a26f9d:4062:49
    at Box3 (http://localhost:5173/node_modules/.vite/deps/chunk-EUFXU4RD.js?v=63a26f9d:425:19)
    at SidebarDmList (http://localhost:5173/src/features/chat/SidebarDmList.tsx?t=1776771180303:265:41)
    at div
    at http://localhost:5173/node_modules/.vite/deps/chunk-ADWKJBBX.js?v=63a26f9d:4062:49
    at Box3 (http://localhost:5173/node_modules/.vite/deps/chunk-EUFXU4RD.js?v=63a26f9d:425:19)
    at div
    at http://localhost:5173/node_modules/.vite/deps/chunk-ADWKJBBX.js?v=63a26f9d:4062:49
    at Box3 (http://localhost:5173/node_modules/.vite/deps/chunk-EUFXU4RD.js?v=63a26f9d:425:19)
    at Sidebar (http://localhost:5173/src/features/chat/Sidebar.tsx?t=1776771180303:37:41)
    at div
    at http://localhost:5173/node_modules/.vite/deps/chunk-ADWKJBBX.js?v=63a26f9d:4062:49
    at Box3 (http://localhost:5173/node_modules/.vite/deps/chunk-EUFXU4RD.js?v=63a26f9d:425:19)
    at div
    at http://localhost:5173/node_modules/.vite/deps/chunk-ADWKJBBX.js?v=63a26f9d:4062:49
    at Box3 (http://localhost:5173/node_modules/.vite/deps/chunk-EUFXU4RD.js?v=63a26f9d:425:19)
    at ChatPage (http://localhost:5173/src/features/chat/ChatPage.tsx?t=1776771180303:74:3)
    at RenderedRoute (http://localhost:5173/node_modules/.vite/deps/react-router-dom.js?v=63a26f9d:4131:5)
    at Outlet (http://localhost:5173/node_modules/.vite/deps/react-router-dom.js?v=63a26f9d:4537:26)
    at RequireAuth (http://localhost:5173/src/components/RequireAuth.tsx:22:23)
    at RenderedRoute (http://localhost:5173/node_modules/.vite/deps/react-router-dom.js?v=63a26f9d:4131:5)
    at Routes (http://localhost:5173/node_modules/.vite/deps/react-router-dom.js?v=63a26f9d:4601:5)
    at AppBootstrap (http://localhost:5173/src/components/AppBootstrap.tsx:20:40)
    at App
    at Router (http://localhost:5173/node_modules/.vite/deps/react-router-dom.js?v=63a26f9d:4544:15)
    at BrowserRouter (http://localhost:5173/node_modules/.vite/deps/react-router-dom.js?v=63a26f9d:5290:5)
    at DefaultPropsProvider (http://localhost:5173/node_modules/.vite/deps/chunk-ADWKJBBX.js?v=63a26f9d:9560:3)
    at RtlProvider (http://localhost:5173/node_modules/.vite/deps/chunk-EUFXU4RD.js?v=63a26f9d:1110:5)
    at ThemeProvider (http://localhost:5173/node_modules/.vite/deps/chunk-EUFXU4RD.js?v=63a26f9d:1060:5)
    at ThemeProvider2 (http://localhost:5173/node_modules/.vite/deps/chunk-EUFXU4RD.js?v=63a26f9d:1200:5)
    at ThemeProvider3 (http://localhost:5173/node_modules/.vite/deps/chunk-EUFXU4RD.js?v=63a26f9d:3333:12)
    at QueryClientProvider (http://localhost:5173/node_modules/.vite/deps/@tanstack_react-query.js?v=63a26f9d:3194:3)

Consider adding an error boundary to your tree to customize error handling behavior.
Visit https://reactjs.org/link/error-boundaries to learn more about error boundaries. @ http://localhost:5173/node_modules/.vite/deps/chunk-46NCFVNN.js?v=63a26f9d:14031
[   41492ms] TypeError: Cannot read properties of undefined (reading 'length')
    at getAvatarColor (http://localhost:5173/src/utils/avatarUtils.ts:13:32)
    at DmRow (http://localhost:5173/src/features/chat/SidebarDmList.tsx?t=1776771180303:98:23)
    at renderWithHooks (http://localhost:5173/node_modules/.vite/deps/chunk-46NCFVNN.js?v=63a26f9d:11548:26)
    at mountIndeterminateComponent (http://localhost:5173/node_modules/.vite/deps/chunk-46NCFVNN.js?v=63a26f9d:14926:21)
    at beginWork (http://localhost:5173/node_modules/.vite/deps/chunk-46NCFVNN.js?v=63a26f9d:15914:22)
    at beginWork$1 (http://localhost:5173/node_modules/.vite/deps/chunk-46NCFVNN.js?v=63a26f9d:19753:22)
    at performUnitOfWork (http://localhost:5173/node_modules/.vite/deps/chunk-46NCFVNN.js?v=63a26f9d:19198:20)
    at workLoopSync (http://localhost:5173/node_modules/.vite/deps/chunk-46NCFVNN.js?v=63a26f9d:19137:13)
    at renderRootSync (http://localhost:5173/node_modules/.vite/deps/chunk-46NCFVNN.js?v=63a26f9d:19116:15)
    at recoverFromConcurrentError (http://localhost:5173/node_modules/.vite/deps/chunk-46NCFVNN.js?v=63a26f9d:18736:28)
